#
# A fatal error has been detected by the Java Runtime Environment:
#
#  EXCEPTION_UNCAUGHT_CXX_EXCEPTION (0xe06d7363) at pc=0x00007ffdc5a6a799, pid=14720, tid=0x0000000000001d5c
#
# JRE version: Java(TM) SE Runtime Environment (8.0_221-b11) (build 1.8.0_221-b11)
# Java VM: Java HotSpot(TM) 64-Bit Server VM (25.221-b11 mixed mode windows-amd64 compressed oops)
# Problematic frame:
# C  [KERNELBASE.dll+0x3a799]
#
# Failed to write core dump. Minidumps are not enabled by default on client versions of Windows
#
# If you would like to submit a bug report, please visit:
#   http://bugreport.java.com/bugreport/crash.jsp
#

---------------  T H R E A D  ---------------

Current thread (0x0000000017be8000):  VMThread [stack: 0x0000000018ca0000,0x0000000018da0000] [id=7516]

siginfo: ExceptionCode=0xe06d7363, ExceptionInformation=0x0000000019930520 0x0000000018d9dc80 0x00007ffd83636b70 0x00007ffd83420000 

Registers:
RAX=0x0000000000000000, RBX=0x0000000018d9dc80, RCX=0x0000000000000000, RDX=0x0000000000000000
RSP=0x0000000018d9db10, RBP=0x0000000024933768, RSI=0x0000000018d9e3e0, RDI=0x00007ffd83636b70
R8 =0x0000000000000000, R9 =0x0000000000000000, R10=0x0000000000000000, R11=0x0000000000000000
R12=0x00000000000c6038, R13=0x0000000024b70008, R14=0x00007ffd83420000, R15=0x0000000000000001
RIP=0x00007ffdc5a6a799, EFLAGS=0x0000000000000206

Top of Stack: (sp=0x0000000018d9db10)
0x0000000018d9db10:   0000000024920000 0000000018d9dc80
0x0000000018d9db20:   0000000018d9e3e0 0000000000000002
0x0000000018d9db30:   00000001e06d7363 0000000000000000
0x0000000018d9db40:   00007ffdc5a6a799 0000000000000004
0x0000000018d9db50:   0000000019930520 0000000018d9dc80
0x0000000018d9db60:   00007ffd83636b70 00007ffd83420000
0x0000000018d9db70:   0000000024b70008 00000000000c6038
0x0000000018d9db80:   0000000018d9e3e0 0000000024933768
0x0000000018d9db90:   0000000018d9dc60 00007ffdc80df41f
0x0000000018d9dba0:   00007ffd83636b70 00007ffd00000000
0x0000000018d9dbb0:   00007ff71a1a9a1c 0000000024920bf8
0x0000000018d9dbc0:   00007ffd8364d000 00007ffd83420000
0x0000000018d9dbd0:   0000739ebf879f93 0000000024933768
0x0000000018d9dbe0:   0000000018d9dc80 00007ffd8353d66a
0x0000000018d9dbf0:   00007ffd835cfe58 00007ffd83537df9
0x0000000018d9dc00:   00007ffd835cc120 0000000000000100 

Instructions: (pc=0x00007ffdc5a6a799)
0x00007ffdc5a6a779:   8b d1 44 0f 47 c0 44 89 44 24 38 49 c1 e0 03 e8
0x00007ffdc5a6a789:   da 4e 05 00 48 8d 4c 24 20 48 ff 15 0f c8 16 00
0x00007ffdc5a6a799:   0f 1f 44 00 00 48 8b 8c 24 c0 00 00 00 48 33 cc
0x00007ffdc5a6a7a9:   e8 72 ef 04 00 48 81 c4 d8 00 00 00 c3 83 64 24 


Register to memory mapping:

RAX=0x0000000000000000 is an unknown value
RBX=0x0000000018d9dc80 is an unknown value
RCX=0x0000000000000000 is an unknown value
RDX=0x0000000000000000 is an unknown value
RSP=0x0000000018d9db10 is an unknown value
RBP=0x0000000024933768 is an unknown value
RSI=0x0000000018d9e3e0 is an unknown value
RDI=0x00007ffd83636b70 is an unknown value
R8 =0x0000000000000000 is an unknown value
R9 =0x0000000000000000 is an unknown value
R10=0x0000000000000000 is an unknown value
R11=0x0000000000000000 is an unknown value
R12=0x00000000000c6038 is an unknown value
R13=0x0000000024b70008 is an unknown value
R14=0x00007ffd83420000 is an unknown value
R15=0x0000000000000001 is an unknown value


Stack: [0x0000000018ca0000,0x0000000018da0000],  sp=0x0000000018d9db10,  free space=1014k
Native frames: (J=compiled Java code, j=interpreted, Vv=VM code, C=native code)
C  [KERNELBASE.dll+0x3a799]
C  [PicFace64.dll+0x11d66a]
C  [PicFace64.dll+0x114288]
C  [PicFace64.dll+0x1878cd]
C  [PicFace64.dll+0xc0b9e]
C  [PicFace64.dll+0xac66e]
C  [PicFace64.dll+0x4ee0]
C  [PicFace64.dll+0x49fa]
C  [PicFace64.dll+0x20436]
C  [PicFace64.dll+0x20459]
C  [PicFace64.dll+0x118ee0]
C  [ntdll.dll+0x25021]
C  [ntdll.dll+0x6aa82]
C  [ntdll.dll+0x6a92d]
C  [KERNEL32.DLL+0x1cd8a]
C  [msvcr100.dll+0x20ccd]
V  [jvm.dll+0x213ee5]
V  [jvm.dll+0x24d517]
V  [jvm.dll+0x24c7b6]
V  [jvm.dll+0x24cc51]
V  [jvm.dll+0x24ce6e]
V  [jvm.dll+0x29fb8a]
C  [msvcr100.dll+0x21d9f]
C  [msvcr100.dll+0x21e3b]
C  [KERNEL32.DLL+0x17bd4]
C  [ntdll.dll+0x6ce51]

VM_Operation (0x000000002197d1c0): Exit, mode: safepoint, requested by thread 0x0000000019c50000


---------------  P R O C E S S  ---------------

Java Threads: ( => current thread )
  0x0000000019fd6000 JavaThread "TimerQueue" daemon [_thread_blocked, id=7196, stack(0x0000000026990000,0x0000000026a90000)]
  0x0000000000e2d800 JavaThread "DestroyJavaVM" [_thread_blocked, id=11872, stack(0x0000000002ae0000,0x0000000002be0000)]
  0x0000000019c50000 JavaThread "AWT-EventQueue-0" [_thread_blocked, id=14992, stack(0x0000000021880000,0x0000000021980000)]
  0x0000000019691800 JavaThread "AWT-Shutdown" [_thread_blocked, id=5436, stack(0x000000001a4e0000,0x000000001a5e0000)]
  0x0000000019690800 JavaThread "Java2D Disposer" daemon [_thread_blocked, id=1480, stack(0x000000001a350000,0x000000001a450000)]
  0x0000000019321000 JavaThread "Service Thread" daemon [_thread_blocked, id=12844, stack(0x00000000198a0000,0x00000000199a0000)]
  0x00000000192a9800 JavaThread "C1 CompilerThread2" daemon [_thread_blocked, id=13720, stack(0x00000000197a0000,0x00000000198a0000)]
  0x00000000192a3800 JavaThread "C2 CompilerThread1" daemon [_thread_blocked, id=5452, stack(0x00000000196a0000,0x00000000197a0000)]
  0x0000000017c7a800 JavaThread "C2 CompilerThread0" daemon [_thread_blocked, id=10676, stack(0x00000000191a0000,0x00000000192a0000)]
  0x0000000017c79000 JavaThread "Attach Listener" daemon [_thread_blocked, id=8364, stack(0x00000000190a0000,0x00000000191a0000)]
  0x0000000017c0a800 JavaThread "Finalizer" daemon [_thread_blocked, id=17940, stack(0x0000000018ea0000,0x0000000018fa0000)]
  0x0000000003060000 JavaThread "Reference Handler" daemon [_thread_blocked, id=17824, stack(0x0000000018da0000,0x0000000018ea0000)]

Other Threads:
=>0x0000000017be8000 VMThread [stack: 0x0000000018ca0000,0x0000000018da0000] [id=7516]

VM state:at safepoint (shutting down)

VM Mutex/Monitor currently owned by a thread:  ([mutex/lock_event])
[0x0000000000e2c9b0] Threads_lock - owner thread: 0x0000000017be8000

heap address: 0x0000000080c00000, size: 2036 MB, Compressed Oops mode: 32-bit
Narrow klass base: 0x0000000000000000, Narrow klass shift: 3
Compressed class space size: 1073741824 Address: 0x0000000100000000

Heap:
 PSYoungGen      total 38400K, used 12655K [0x00000000d5980000, 0x00000000d8400000, 0x0000000100000000)
  eden space 33280K, 38% used [0x00000000d5980000,0x00000000d65dbff0,0x00000000d7a00000)
  from space 5120K, 0% used [0x00000000d7f00000,0x00000000d7f00000,0x00000000d8400000)
  to   space 5120K, 0% used [0x00000000d7a00000,0x00000000d7a00000,0x00000000d7f00000)
 ParOldGen       total 87552K, used 0K [0x0000000080c00000, 0x0000000086180000, 0x00000000d5980000)
  object space 87552K, 0% used [0x0000000080c00000,0x0000000080c00000,0x0000000086180000)
 Metaspace       used 12149K, capacity 12428K, committed 12544K, reserved 1060864K
  class space    used 1656K, capacity 1746K, committed 1792K, reserved 1048576K

Card table byte_map: [0x0000000012430000,0x0000000012830000] byte_map_base: 0x000000001202a000

Marking Bits: (ParMarkBitMap*) 0x0000000068d15ce0
 Begin Bits: [0x0000000012ee0000, 0x0000000014eb0000)
 End Bits:   [0x0000000014eb0000, 0x0000000016e80000)

Polling page: 0x0000000000e10000

CodeCache: size=245760Kb used=2629Kb max_used=2629Kb free=243130Kb
 bounds [0x0000000003070000, 0x0000000003310000, 0x0000000012070000]
 total_blobs=1210 nmethods=713 adapters=410
 compilation: enabled

Compilation events (10 events):
Event: 5.941 Thread 0x00000000192a9800  707       1       sun.java2d.pipe.Region::getLoX (5 bytes)
Event: 5.941 Thread 0x00000000192a9800 nmethod 707 0x00000000032fcb10 code [0x00000000032fcc60, 0x00000000032fcd70]
Event: 5.941 Thread 0x00000000192a9800  708       3       sun.font.FontDesignMetrics::charsWidth (201 bytes)
Event: 5.943 Thread 0x00000000192a9800 nmethod 708 0x00000000032febd0 code [0x00000000032feee0, 0x00000000033002e8]
Event: 5.943 Thread 0x00000000192a9800  709       3       java.util.IdentityHashMap$IdentityHashMapIterator::nextIndex (72 bytes)
Event: 5.943 Thread 0x00000000192a9800 nmethod 709 0x00000000032fc450 code [0x00000000032fc5e0, 0x00000000032fc9a8]
Event: 6.451 Thread 0x00000000192a9800  710       1       java.awt.RenderingHints$Key::intKey (5 bytes)
Event: 6.451 Thread 0x00000000192a9800 nmethod 710 0x00000000032fc190 code [0x00000000032fc2e0, 0x00000000032fc3f0]
Event: 6.699 Thread 0x00000000192a9800  712   !   3       sun.awt.AWTAutoShutdown::setToolkitBusy (124 bytes)
Event: 6.700 Thread 0x00000000192a9800 nmethod 712 0x0000000003300f10 code [0x00000000033010e0, 0x0000000003301968]

GC Heap History (0 events):
No events

Deoptimization events (1 events):
Event: 0.586 Thread 0x0000000000e2d800 Uncommon trap: reason=unstable_if action=reinterpret pc=0x0000000003297f80 method=java.lang.CharacterData.of(I)Ljava/lang/CharacterData; @ 4

Classes redefined (0 events):
No events

Internal exceptions (10 events):
Event: 0.050 Thread 0x0000000000e2d800 Exception <a 'java/lang/NoSuchMethodError': Method sun.misc.Unsafe.defineClass(Ljava/lang/String;[BII)Ljava/lang/Class; name or signature does not match> (0x00000000d5987cb8) thrown at [C:\re\workspace\8-2-build-windows-amd64-cygwin\jdk8u221\13320\hotspot
Event: 0.050 Thread 0x0000000000e2d800 Exception <a 'java/lang/NoSuchMethodError': Method sun.misc.Unsafe.prefetchRead(Ljava/lang/Object;J)V name or signature does not match> (0x00000000d5987fa0) thrown at [C:\re\workspace\8-2-build-windows-amd64-cygwin\jdk8u221\13320\hotspot\src\share\vm\prim
Event: 0.153 Thread 0x0000000000e2d800 Exception <a 'java/security/PrivilegedActionException'> (0x00000000d5a5e310) thrown at [C:\re\workspace\8-2-build-windows-amd64-cygwin\jdk8u221\13320\hotspot\src\share\vm\prims\jvm.cpp, line 1502]
Event: 0.153 Thread 0x0000000000e2d800 Exception <a 'java/security/PrivilegedActionException'> (0x00000000d5a5e520) thrown at [C:\re\workspace\8-2-build-windows-amd64-cygwin\jdk8u221\13320\hotspot\src\share\vm\prims\jvm.cpp, line 1502]
Event: 0.154 Thread 0x0000000000e2d800 Exception <a 'java/security/PrivilegedActionException'> (0x00000000d5a60258) thrown at [C:\re\workspace\8-2-build-windows-amd64-cygwin\jdk8u221\13320\hotspot\src\share\vm\prims\jvm.cpp, line 1502]
Event: 0.154 Thread 0x0000000000e2d800 Exception <a 'java/security/PrivilegedActionException'> (0x00000000d5a60468) thrown at [C:\re\workspace\8-2-build-windows-amd64-cygwin\jdk8u221\13320\hotspot\src\share\vm\prims\jvm.cpp, line 1502]
Event: 0.163 Thread 0x0000000000e2d800 Exception <a 'java/io/FileNotFoundException'> (0x00000000d5a69a20) thrown at [C:\re\workspace\8-2-build-windows-amd64-cygwin\jdk8u221\13320\hotspot\src\share\vm\prims\jni.cpp, line 710]
Event: 0.198 Thread 0x0000000000e2d800 Exception <a 'java/lang/NoSuchFieldError': method resolution failed> (0x00000000d5be0908) thrown at [C:\re\workspace\8-2-build-windows-amd64-cygwin\jdk8u221\13320\hotspot\src\share\vm\prims\methodHandles.cpp, line 1167]
Event: 0.200 Thread 0x0000000000e2d800 Exception <a 'java/lang/NoSuchFieldError': method resolution failed> (0x00000000d5bedcd8) thrown at [C:\re\workspace\8-2-build-windows-amd64-cygwin\jdk8u221\13320\hotspot\src\share\vm\prims\methodHandles.cpp, line 1167]
Event: 0.248 Thread 0x0000000000e2d800 Exception <a 'java/io/FileNotFoundException'> (0x00000000d5c85fe8) thrown at [C:\re\workspace\8-2-build-windows-amd64-cygwin\jdk8u221\13320\hotspot\src\share\vm\prims\jni.cpp, line 710]

Events (10 events):
Event: 7.402 Thread 0x00000000194d6800 Thread added: 0x00000000194d6800
Event: 7.402 Thread 0x00000000194d7000 Thread added: 0x00000000194d7000
Event: 7.402 Thread 0x00000000194d7000 Thread exited: 0x00000000194d7000
Event: 7.402 Thread 0x0000000019f7b800 Thread exited: 0x0000000019f7b800
Event: 7.403 loading class sun/java2d/pipe/hw/AccelDeviceEventNotifier
Event: 7.403 loading class sun/java2d/pipe/hw/AccelDeviceEventNotifier done
Event: 7.434 Thread 0x0000000019698000 Thread exited: 0x0000000019698000
Event: 7.510 Thread 0x00000000194d6800 Thread exited: 0x00000000194d6800
Event: 7.511 Thread 0x0000000017c78800 Thread exited: 0x0000000017c78800
Event: 7.511 Executing VM operation: Exit


Dynamic libraries:
0x00007ff78c740000 - 0x00007ff78c777000 	E:\JAVA\bin\javaw.exe
0x00007ffdc80c0000 - 0x00007ffdc82b0000 	C:\WINDOWS\SYSTEM32\ntdll.dll
0x00007ffdc67d0000 - 0x00007ffdc6882000 	C:\WINDOWS\System32\KERNEL32.DLL
0x00007ffdc5a30000 - 0x00007ffdc5cd4000 	C:\WINDOWS\System32\KERNELBASE.dll
0x00007ffdc62b0000 - 0x00007ffdc6353000 	C:\WINDOWS\System32\ADVAPI32.dll
0x00007ffdc7a50000 - 0x00007ffdc7aee000 	C:\WINDOWS\System32\msvcrt.dll
0x00007ffdc6ed0000 - 0x00007ffdc6f67000 	C:\WINDOWS\System32\sechost.dll
0x00007ffdc7ef0000 - 0x00007ffdc8010000 	C:\WINDOWS\System32\RPCRT4.dll
0x00007ffdc7af0000 - 0x00007ffdc7c84000 	C:\WINDOWS\System32\USER32.dll
0x00007ffdc5df0000 - 0x00007ffdc5e11000 	C:\WINDOWS\System32\win32u.dll
0x00007ffdc6f70000 - 0x00007ffdc6f96000 	C:\WINDOWS\System32\GDI32.dll
0x00007ffdc5fd0000 - 0x00007ffdc6166000 	C:\WINDOWS\System32\gdi32full.dll
0x00007ffdc50b0000 - 0x00007ffdc514e000 	C:\WINDOWS\System32\msvcp_win.dll
0x00007ffdc5ed0000 - 0x00007ffdc5fca000 	C:\WINDOWS\System32\ucrtbase.dll
0x00007ffdbc720000 - 0x00007ffdbc9a4000 	C:\WINDOWS\WinSxS\amd64_microsoft.windows.common-controls_6595b64144ccf1df_6.0.18362.959_none_e6c7bbbf130c62bb\COMCTL32.dll
0x00007ffdc63c0000 - 0x00007ffdc66f5000 	C:\WINDOWS\System32\combase.dll
0x00007ffdc5ce0000 - 0x00007ffdc5d60000 	C:\WINDOWS\System32\bcryptPrimitives.dll
0x00007ffdc7100000 - 0x00007ffdc712e000 	C:\WINDOWS\System32\IMM32.DLL
0x0000000068f00000 - 0x0000000068fd2000 	E:\JAVA\bin\msvcr100.dll
0x00000000684f0000 - 0x0000000068d95000 	E:\JAVA\bin\server\jvm.dll
0x00007ffdc7920000 - 0x00007ffdc7928000 	C:\WINDOWS\System32\PSAPI.DLL
0x00007ffdc1910000 - 0x00007ffdc1919000 	C:\WINDOWS\SYSTEM32\WSOCK32.dll
0x00007ffdc79e0000 - 0x00007ffdc7a4f000 	C:\WINDOWS\System32\WS2_32.dll
0x00007ffdbe3c0000 - 0x00007ffdbe3ca000 	C:\WINDOWS\SYSTEM32\VERSION.dll
0x00007ffdb7ea0000 - 0x00007ffdb7ec4000 	C:\WINDOWS\SYSTEM32\WINMM.dll
0x00007ffdb7dd0000 - 0x00007ffdb7dfd000 	C:\WINDOWS\SYSTEM32\winmmbase.dll
0x00007ffdc5040000 - 0x00007ffdc508a000 	C:\WINDOWS\System32\cfgmgr32.dll
0x00007ffdc0590000 - 0x00007ffdc059f000 	E:\JAVA\bin\verify.dll
0x00007ffda1b10000 - 0x00007ffda1b39000 	E:\JAVA\bin\java.dll
0x00007ffdb8040000 - 0x00007ffdb8056000 	E:\JAVA\bin\zip.dll
0x00007ffdc7230000 - 0x00007ffdc7916000 	C:\WINDOWS\System32\SHELL32.dll
0x00007ffdc7930000 - 0x00007ffdc79d9000 	C:\WINDOWS\System32\shcore.dll
0x00007ffdc5150000 - 0x00007ffdc58d2000 	C:\WINDOWS\System32\windows.storage.dll
0x00007ffdc4ff0000 - 0x00007ffdc5013000 	C:\WINDOWS\System32\profapi.dll
0x00007ffdc4f80000 - 0x00007ffdc4fca000 	C:\WINDOWS\System32\powrprof.dll
0x00007ffdc4f70000 - 0x00007ffdc4f80000 	C:\WINDOWS\System32\UMPDC.dll
0x00007ffdc71d0000 - 0x00007ffdc7222000 	C:\WINDOWS\System32\shlwapi.dll
0x00007ffdc4fd0000 - 0x00007ffdc4fe1000 	C:\WINDOWS\System32\kernel.appcore.dll
0x00007ffdc5090000 - 0x00007ffdc50a7000 	C:\WINDOWS\System32\cryptsp.dll
0x00007ffd84430000 - 0x00007ffd845c9000 	E:\JAVA\bin\awt.dll
0x00007ffdc6700000 - 0x00007ffdc67c5000 	C:\WINDOWS\System32\OLEAUT32.dll
0x00007ffdc2e90000 - 0x00007ffdc2f1f000 	C:\WINDOWS\SYSTEM32\apphelp.dll
0x00007ffdc34c0000 - 0x00007ffdc34ed000 	C:\WINDOWS\system32\DWMAPI.DLL
0x00007ffdc2f80000 - 0x00007ffdc3019000 	C:\WINDOWS\system32\uxtheme.dll
0x00007ffd82f40000 - 0x00007ffd83096000 	C:\WINDOWS\system32\opengl32.dll
0x00007ffd9b1a0000 - 0x00007ffd9b1cc000 	C:\WINDOWS\SYSTEM32\GLU32.dll
0x00007ffdc3bb0000 - 0x00007ffdc3bd0000 	C:\WINDOWS\SYSTEM32\dxcore.dll
0x00007ffdc6890000 - 0x00007ffdc69c5000 	C:\WINDOWS\System32\MSCTF.dll
0x00007ffdc6fa0000 - 0x00007ffdc70f7000 	C:\WINDOWS\System32\ole32.dll
0x00007ffdc58e0000 - 0x00007ffdc5a29000 	C:\WINDOWS\System32\crypt32.dll
0x00007ffdc5020000 - 0x00007ffdc5032000 	C:\WINDOWS\System32\MSASN1.dll
0x00007ffdc5d60000 - 0x00007ffdc5dbc000 	C:\WINDOWS\System32\WINTRUST.DLL
0x00007ffdc7130000 - 0x00007ffdc714d000 	C:\WINDOWS\System32\imagehlp.dll
0x00007ffdc42c0000 - 0x00007ffdc42f3000 	C:\WINDOWS\system32\rsaenh.dll
0x00007ffdc5dc0000 - 0x00007ffdc5de6000 	C:\WINDOWS\System32\bcrypt.dll
0x00007ffdc4920000 - 0x00007ffdc492c000 	C:\WINDOWS\SYSTEM32\CRYPTBASE.dll
0x00007ffdaedc0000 - 0x00007ffdaeeac000 	C:\Program Files (x86)\NVIDIA Corporation\3D Vision\nvSCPAPI64.dll
0x00007ffdc6a50000 - 0x00007ffdc6ec0000 	C:\WINDOWS\System32\SETUPAPI.dll
0x00007ffda01d0000 - 0x00007ffda0436000 	C:\WINDOWS\system32\nvspcap64.dll
0x00007ffdc4050000 - 0x00007ffdc4081000 	C:\WINDOWS\SYSTEM32\ntmarta.dll
0x00007ffd91220000 - 0x00007ffd91269000 	E:\JAVA\bin\fontmanager.dll
0x00007ffda5480000 - 0x00007ffda549a000 	E:\JAVA\bin\net.dll
0x00007ffdba9a0000 - 0x00007ffdbab76000 	C:\WINDOWS\SYSTEM32\urlmon.dll
0x00007ffdb99e0000 - 0x00007ffdb9c86000 	C:\WINDOWS\SYSTEM32\iertutil.dll
0x00007ffdc4750000 - 0x00007ffdc47b7000 	C:\WINDOWS\system32\mswsock.dll
0x00007ffda2b80000 - 0x00007ffda2b92000 	E:\JAVA\bin\nio.dll
0x00007ffd911d0000 - 0x00007ffd91212000 	E:\JAVA\bin\t2k.dll
0x00007ffdc7c90000 - 0x00007ffdc7d32000 	C:\WINDOWS\System32\clbcatq.dll
0x00007ffdb7650000 - 0x00007ffdb77ff000 	C:\WINDOWS\SYSTEM32\WindowsCodecs.dll
0x00007ffdb52a0000 - 0x00007ffdb533e000 	C:\WINDOWS\System32\TextInputFramework.dll
0x00007ffdc28e0000 - 0x00007ffdc29b4000 	C:\WINDOWS\System32\CoreMessaging.dll
0x00007ffdb67e0000 - 0x00007ffdb6b0a000 	C:\WINDOWS\System32\CoreUIComponents.dll
0x00007ffdc0eb0000 - 0x00007ffdc1003000 	C:\WINDOWS\SYSTEM32\wintypes.dll
0x00007ffdbc9b0000 - 0x00007ffdbc9b7000 	C:\Windows\system32\MSIMG32.dll
0x00007ffd83950000 - 0x00007ffd841c7000 	C:\WINDOWS\system32\SogouPy.ime
0x00007ffdbe2c0000 - 0x00007ffdbe3b0000 	C:\WINDOWS\SYSTEM32\WINHTTP.dll
0x00007ffdb5810000 - 0x00007ffdb5875000 	C:\WINDOWS\SYSTEM32\OLEACC.dll
0x0000000024710000 - 0x000000002484c000 	E:\SogouInput\9.3.0.3129\Resource.dll
0x00007ffd83420000 - 0x00007ffd8368a000 	E:\SogouInput\Components\PicFace\1.1.0.1879\PicFace64.dll
0x00007ffdc61e0000 - 0x00007ffdc62b0000 	C:\WINDOWS\System32\COMDLG32.dll
0x00007ffd91cd0000 - 0x00007ffd91ec4000 	C:\WINDOWS\SYSTEM32\DbgHelp.dll
0x00007ffda1280000 - 0x00007ffda12aa000 	C:\WINDOWS\SYSTEM32\dbgcore.DLL

VM Arguments:
jvm_args: -Dfile.encoding=GBK 
java_command: pane.GUI
java_class_path (initial): C:\Users\Administrator\eclipse-workspace\pane\bin;E:\MySQL-Front\mysql-connector-java-5.0.8-bin.jar;E:\JAVA\datepicker.jar;E:\JAVA\swingx-core-1.6.2.jar
Launcher Type: SUN_STANDARD

Environment Variables:
JAVA_HOME=C:\Program Files\Java\jdk1.8.0_221
CLASSPATH=.;C:\Program Files\Java\jdk1.8.0_221\lib\dt.jar;C:\Program Files\Java\jdk1.8.0_221\lib\tools.jar;
PATH=E:/JAVA/bin/server;E:/JAVA/bin;E:/JAVA/lib/amd64;E:\软件\VMware\bin\;C:\Program Files (x86)\Common Files\Oracle\Java\javapath;C:\Windows\system32;C:\Windows;C:\Windows\System32\Wbem;C:\Windows\System32\WindowsPowerShell\v1.0\;C:\Program Files (x86)\NVIDIA Corporation\PhysX\Common;C:\Program Files\Java\jdk1.8.0_221\bin;C:\Program Files\Java\jdk1.8.0_221\jre\bin;;C:\WINDOWS\system32;C:\WINDOWS;C:\WINDOWS\System32\Wbem;C:\WINDOWS\System32\WindowsPowerShell\v1.0\;C:\WINDOWS\System32\OpenSSH\;C:\Program Files (x86)\Windows Kits\10\Windows Performance Toolkit\;E:\软件\Xshell\;C:\Users\Administrator\AppData\Local\Microsoft\WindowsApps;E:\VSCode\Microsoft VS Code\bin;C:\WINDOWS\system32;
USERNAME=Administrator
OS=Windows_NT
PROCESSOR_IDENTIFIER=Intel64 Family 6 Model 60 Stepping 3, GenuineIntel



---------------  S Y S T E M  ---------------

OS: Windows 10.0 , 64 bit Build 18362 (10.0.18362.959)

CPU:total 4 (initial active 4) (2 cores per cpu, 2 threads per core) family 6 model 60 stepping 3, cmov, cx8, fxsr, mmx, sse, sse2, sse3, ssse3, sse4.1, sse4.2, popcnt, avx, avx2, aes, clmul, erms, lzcnt, ht, tsc, tscinvbit, bmi1, bmi2

Memory: 4k page, physical 8338384k(3310932k free), swap 11122024k(1792532k free)

vm_info: Java HotSpot(TM) 64-Bit Server VM (25.221-b11) for windows-amd64 JRE (1.8.0_221-b11), built on Jul  4 2019 04:39:29 by "java_re" with MS VC++ 10.0 (VS2010)

time: Fri Sep 17 21:36:55 2021
timezone: 中国标准时间
elapsed time: 8 seconds (0d 0h 0m 8s)

